<?xml version="1.0" encoding="UTF-8"?>
<testng-results ignored="0" total="4" passed="4" failed="0" skipped="0">
  <reporter-output>
  </reporter-output>
  <suite started-at="2022-12-02T11:27:48 IST" name="Suite" finished-at="2022-12-02T11:28:25 IST" duration-ms="36731">
    <groups>
    </groups>
    <test started-at="2022-12-02T11:27:48 IST" name="Test-0" finished-at="2022-12-02T11:28:00 IST" duration-ms="11594">
      <class name="Test.Testbrowser">
        <test-method signature="TestCheck()[pri:0, instance:Test.Testbrowser@293a5f75]" started-at="2022-12-02T11:27:48 IST" name="TestCheck" finished-at="2022-12-02T11:28:00 IST" duration-ms="11476" status="PASS">
          <reporter-output>
          </reporter-output>
        </test-method> <!-- TestCheck -->
      </class> <!-- Test.Testbrowser -->
    </test> <!-- Test-0 -->
    <test started-at="2022-12-02T11:27:48 IST" name="Test-1" finished-at="2022-12-02T11:28:07 IST" duration-ms="18829">
      <class name="Test.Testbrowser">
        <test-method signature="TestCheck()[pri:0, instance:Test.Testbrowser@2f05be7f]" started-at="2022-12-02T11:27:48 IST" name="TestCheck" finished-at="2022-12-02T11:28:07 IST" duration-ms="18738" status="PASS">
          <reporter-output>
          </reporter-output>
        </test-method> <!-- TestCheck -->
      </class> <!-- Test.Testbrowser -->
    </test> <!-- Test-1 -->
    <test started-at="2022-12-02T11:28:00 IST" name="Testing-0" finished-at="2022-12-02T11:28:12 IST" duration-ms="12548">
      <class name="Test.Testbrowser2">
        <test-method signature="TestCheck()[pri:0, instance:Test.Testbrowser2@64a8c844]" started-at="2022-12-02T11:28:00 IST" name="TestCheck" finished-at="2022-12-02T11:28:12 IST" duration-ms="12519" status="PASS">
          <reporter-output>
          </reporter-output>
        </test-method> <!-- TestCheck -->
      </class> <!-- Test.Testbrowser2 -->
    </test> <!-- Testing-0 -->
    <test started-at="2022-12-02T11:28:07 IST" name="Testing-1" finished-at="2022-12-02T11:28:25 IST" duration-ms="17895">
      <class name="Test.Testbrowser2">
        <test-method signature="TestCheck()[pri:0, instance:Test.Testbrowser2@3a0d172f]" started-at="2022-12-02T11:28:07 IST" name="TestCheck" finished-at="2022-12-02T11:28:25 IST" duration-ms="17853" status="PASS">
          <reporter-output>
          </reporter-output>
        </test-method> <!-- TestCheck -->
      </class> <!-- Test.Testbrowser2 -->
    </test> <!-- Testing-1 -->
  </suite> <!-- Suite -->
</testng-results>
